<?xml version="1.0" encoding="utf-8"?><testsuites name="pytest tests"><testsuite name="pytest" errors="0" failures="0" skipped="0" tests="40" time="4.565" timestamp="2026-04-06T10:47:42.442445+00:00" hostname="agent-env-db17218f-bd9c-4f6c-8e25-2954c11dd2be"><testcase classname="tests.test_api.TestRoomAPI" name="test_root_endpoint" time="0.186" /><testcase classname="tests.test_api.TestRoomAPI" name="test_create_room_success" time="0.097" /><testcase classname="tests.test_api.TestRoomAPI" name="test_create_multiple_rooms_unique_ids" time="0.509" /><testcase classname="tests.test_api.TestRoomAPI" name="test_check_room_exists_valid_room" time="0.192" /><testcase classname="tests.test_api.TestRoomAPI" name="test_check_room_nonexistent" time="0.115" /><testcase classname="tests.test_api.TestRoomAPI" name="test_check_room_case_insensitive" time="0.205" /><testcase classname="tests.test_game_engine.TestShuffleAndDeal" name="test_deal_correct_number_of_hands" time="0.000" /><testcase classname="tests.test_game_engine.TestShuffleAndDeal" name="test_deal_correct_cards_per_hand" time="0.000" /><testcase classname="tests.test_game_engine.TestShuffleAndDeal" name="test_deal_no_duplicate_cards" time="0.000" /><testcase classname="tests.test_game_engine.TestShuffleAndDeal" name="test_deal_cards_are_sorted" time="0.000" /><testcase classname="tests.test_game_engine.TestTrumpSuit" name="test_trump_rotation_order" time="0.000" /><testcase classname="tests.test_game_engine.TestTrumpSuit" name="test_trump_round_1" time="0.000" /><testcase classname="tests.test_game_engine.TestTrumpSuit" name="test_trump_round_2" time="0.000" /><testcase classname="tests.test_game_engine.TestTrumpSuit" name="test_trump_round_3" time="0.000" /><testcase classname="tests.test_game_engine.TestTrumpSuit" name="test_trump_round_4" time="0.000" /><testcase classname="tests.test_game_engine.TestMaxCards" name="test_max_cards_3_players" time="0.000" /><testcase classname="tests.test_game_engine.TestMaxCards" name="test_max_cards_4_players" time="0.000" /><testcase classname="tests.test_game_engine.TestMaxCards" name="test_max_cards_5_players" time="0.000" /><testcase classname="tests.test_game_engine.TestMaxCards" name="test_max_cards_6_players" time="0.000" /><testcase classname="tests.test_game_engine.TestMaxCards" name="test_max_cards_7_players" time="0.000" /><testcase classname="tests.test_game_engine.TestValidPlay" name="test_first_card_always_valid" time="0.000" /><testcase classname="tests.test_game_engine.TestValidPlay" name="test_must_follow_suit_when_possible" time="0.000" /><testcase classname="tests.test_game_engine.TestValidPlay" name="test_can_play_any_card_if_no_lead_suit" time="0.000" /><testcase classname="tests.test_game_engine.TestTrickWinner" name="test_highest_trump_wins" time="0.000" /><testcase classname="tests.test_game_engine.TestTrickWinner" name="test_trump_beats_non_trump" time="0.000" /><testcase classname="tests.test_game_engine.TestTrickWinner" name="test_highest_lead_suit_wins_if_no_trump" time="0.000" /><testcase classname="tests.test_game_engine.TestTrickWinner" name="test_first_player_wins_if_others_cant_follow" time="0.000" /><testcase classname="tests.test_game_engine.TestScoring" name="test_exact_bid_positive_score" time="0.000" /><testcase classname="tests.test_game_engine.TestScoring" name="test_missed_bid_negative_score" time="0.000" /><testcase classname="tests.test_game_engine.TestScoring" name="test_zero_bid_success" time="0.000" /><testcase classname="tests.test_game_engine.TestScoring" name="test_zero_bid_failure" time="0.000" /><testcase classname="tests.test_game_engine.TestRestrictedBids" name="test_no_restriction_when_total_not_equal" time="0.000" /><testcase classname="tests.test_game_engine.TestRestrictedBids" name="test_restriction_when_would_equal_cards" time="0.000" /><testcase classname="tests.test_game_engine.TestRestrictedBids" name="test_no_restriction_if_impossible" time="0.000" /><testcase classname="tests.test_game_engine.TestRestrictedBids" name="test_zero_bid_can_be_restricted" time="0.000" /><testcase classname="tests.test_game_engine.TestRestrictedBids" name="test_restriction_3_players_example" time="0.000" /><testcase classname="tests.test_websocket_game.TestWebSocketGame" name="test_websocket_connection_and_lobby" time="0.802" /><testcase classname="tests.test_websocket_game.TestWebSocketGame" name="test_bidding_phase" time="0.735" /><testcase classname="tests.test_websocket_game.TestWebSocketGame" name="test_invalid_bid_error" time="0.298" /><testcase classname="tests.test_websocket_game.TestWebSocketGame" name="test_room_full_error" time="1.394" /></testsuite></testsuites>